<?xml version="1.0" encoding="UTF-8"?>
<!-- Generated by org.testng.reporters.JUnitReportReporter -->
<testsuite hostname="DESKTOP-FO2KUNJ" failures="0" tests="3" name="webselenium1.Demo1" time="9.783" errors="0" timestamp="2022-09-15T19:12:15 IST" skipped="2">
  <testcase classname="webselenium1.Demo1" name="windowhandle" time="9.783"/>
  <system-out/>
  <testcase classname="webselenium1.Demo1" name="alerts">
    <skipped/>
  </testcase> <!-- alerts -->
  <system-out/>
  <testcase classname="webselenium1.Demo1" name="testcase">
    <skipped/>
  </testcase> <!-- testcase -->
  <system-out/>
</testsuite> <!-- webselenium1.Demo1 -->
